0 verbose cli C:\Program Files\nodejs\node.exe C:\Program Files\nodejs\node_modules\npm\bin\npm-cli.js
1 info using npm@11.9.0
2 info using node@v24.14.0
3 silly config load:file:C:\Program Files\nodejs\node_modules\npm\npmrc
4 warn Unknown env config "email". This will stop working in the next major version of npm.
5 silly config load:file:C:\Users\demir\Documents\PacVideoİns\.npmrc
6 silly config load:file:C:\Users\demir\.npmrc
7 warn Unknown user config "email". This will stop working in the next major version of npm.
8 silly config load:file:C:\Users\demir\AppData\Roaming\npm\etc\npmrc
9 verbose title npm run typecheck
10 verbose argv "run" "typecheck"
11 verbose logfile logs-max:10 dir:C:\Users\demir\Documents\PacVideoİns\.npm-cache\_logs\2026-05-23T18_26_12_460Z-
12 verbose logfile C:\Users\demir\Documents\PacVideoİns\.npm-cache\_logs\2026-05-23T18_26_12_460Z-debug-0.log
13 silly logfile start cleaning logs, removing 1 files
14 silly logfile done cleaning log files
15 verbose cwd C:\Users\demir\Documents\PacVideoİns
16 verbose os Windows_NT 10.0.26200
17 verbose node v24.14.0
18 verbose npm  v11.9.0
19 verbose exit 0
20 info ok
