0 verbose cli C:\Program Files\nodejs\node.exe C:\Program Files\nodejs\node_modules\npm\bin\npm-cli.js
1 info using npm@11.9.0
2 info using node@v24.14.0
3 silly config load:file:C:\Program Files\nodejs\node_modules\npm\npmrc
4 silly config load:file:C:\Users\demir\Documents\PacVideoİns\.npmrc
5 silly config load:file:C:\Users\demir\.npmrc
6 warn Unknown user config "email". This will stop working in the next major version of npm.
7 silly config load:file:C:\Users\demir\AppData\Roaming\npm\etc\npmrc
8 verbose title npm view pacvideodownloader version
9 verbose argv "view" "pacvideodownloader" "version" "--cache" ".npm-cache"
10 verbose logfile logs-max:10 dir:C:\Users\demir\Documents\PacVideoİns\.npm-cache\_logs\2026-05-23T17_03_57_422Z-
11 verbose logfile C:\Users\demir\Documents\PacVideoİns\.npm-cache\_logs\2026-05-23T17_03_57_422Z-debug-0.log
12 silly logfile done cleaning log files
13 http fetch GET 404 https://registry.npmjs.org/pacvideodownloader 480ms (cache skip)
14 verbose stack HttpErrorGeneral: 404 Not Found - GET https://registry.npmjs.org/pacvideodownloader - Not found
14 verbose stack     at C:\Program Files\nodejs\node_modules\npm\node_modules\npm-registry-fetch\lib\check-response.js:103:15
14 verbose stack     at process.processTicksAndRejections (node:internal/process/task_queues:104:5)
14 verbose stack     at async RegistryFetcher.packument (C:\Program Files\nodejs\node_modules\npm\node_modules\pacote\lib\registry.js:90:19)
14 verbose stack     at async #getData (C:\Program Files\nodejs\node_modules\npm\lib\commands\view.js:136:20)
14 verbose stack     at async #viewPackage (C:\Program Files\nodejs\node_modules\npm\lib\commands\view.js:113:28)
14 verbose stack     at async View.exec (C:\Program Files\nodejs\node_modules\npm\lib\commands\view.js:71:5)
14 verbose stack     at async Npm.exec (C:\Program Files\nodejs\node_modules\npm\lib\npm.js:208:9)
14 verbose stack     at async module.exports (C:\Program Files\nodejs\node_modules\npm\lib\cli\entry.js:67:5)
15 verbose statusCode 404
16 verbose pkgid pacvideodownloader@*
17 error code E404
18 error 404 Not Found - GET https://registry.npmjs.org/pacvideodownloader - Not found
19 error 404
20 error 404  The requested resource 'pacvideodownloader@*' could not be found or you do not have permission to access it.
21 error 404
22 error 404 Note that you can also install from a
23 error 404 tarball, folder, http url, or git url.
24 verbose cwd C:\Users\demir\Documents\PacVideoİns
25 verbose os Windows_NT 10.0.26200
26 verbose node v24.14.0
27 verbose npm  v11.9.0
28 verbose exit 1
29 verbose code 1
30 error A complete log of this run can be found in: C:\Users\demir\Documents\PacVideoİns\.npm-cache\_logs\2026-05-23T17_03_57_422Z-debug-0.log
