0 verbose cli C:\Program Files\nodejs\node.exe C:\Program Files\nodejs\node_modules\npm\bin\npm-cli.js
1 info using npm@11.9.0
2 info using node@v24.14.0
3 silly config load:file:C:\Program Files\nodejs\node_modules\npm\npmrc
4 silly config load:file:C:\Users\demir\Documents\PacVideoİns\.npmrc
5 silly config load:file:C:\Users\demir\.npmrc
6 warn Unknown user config "email". This will stop working in the next major version of npm.
7 silly config load:file:C:\Users\demir\AppData\Roaming\npm\etc\npmrc
8 verbose title npm pack
9 verbose argv "pack" "--dry-run" "--cache" ".npm-cache"
10 verbose logfile logs-max:10 dir:C:\Users\demir\Documents\PacVideoİns\.npm-cache\_logs\2026-05-23T17_01_46_452Z-
11 verbose logfile C:\Users\demir\Documents\PacVideoİns\.npm-cache\_logs\2026-05-23T17_01_46_452Z-debug-0.log
12 silly logfile done cleaning log files
13 silly packumentCache heap:2348810240 maxSize:587202560 maxEntrySize:293601280
14 notice
15 notice package: pacvideodownloader@1.0.0
16 notice Tarball Contents
17 notice 1.1kB LICENSE
17 notice 4.4kB README.md
17 notice 157B dist/App.d.ts
17 notice 10.3kB dist/App.js
17 notice 10.4kB dist/App.js.map
17 notice 31B dist/cli.d.ts
17 notice 1.3kB dist/cli.js
17 notice 1.6kB dist/cli.js.map
17 notice 192B dist/components/Box.d.ts
17 notice 484B dist/components/Box.js
17 notice 550B dist/components/Box.js.map
17 notice 254B dist/components/Header.d.ts
17 notice 722B dist/components/Header.js
17 notice 820B dist/components/Header.js.map
17 notice 45B dist/components/Logo.d.ts
17 notice 410B dist/components/Logo.js
17 notice 486B dist/components/Logo.js.map
17 notice 324B dist/components/Menu.d.ts
17 notice 2.6kB dist/components/Menu.js
17 notice 3.3kB dist/components/Menu.js.map
17 notice 171B dist/components/ProgressBar.d.ts
17 notice 823B dist/components/ProgressBar.js
17 notice 997B dist/components/ProgressBar.js.map
17 notice 139B dist/components/StatusBar.d.ts
17 notice 342B dist/components/StatusBar.js
17 notice 425B dist/components/StatusBar.js.map
17 notice 220B dist/components/UpdateBadge.d.ts
17 notice 447B dist/components/UpdateBadge.js
17 notice 545B dist/components/UpdateBadge.js.map
17 notice 215B dist/components/VideoInfoCard.d.ts
17 notice 1.1kB dist/components/VideoInfoCard.js
17 notice 1.4kB dist/components/VideoInfoCard.js.map
17 notice 354B dist/hooks/useConfig.d.ts
17 notice 1.4kB dist/hooks/useConfig.js
17 notice 1.7kB dist/hooks/useConfig.js.map
17 notice 1.4kB dist/hooks/useDownload.d.ts
17 notice 8.6kB dist/hooks/useDownload.js
17 notice 8.3kB dist/hooks/useDownload.js.map
17 notice 372B dist/hooks/useHistory.d.ts
17 notice 1.5kB dist/hooks/useHistory.js
17 notice 1.7kB dist/hooks/useHistory.js.map
17 notice 291B dist/hooks/useNavigation.d.ts
17 notice 628B dist/hooks/useNavigation.js
17 notice 954B dist/hooks/useNavigation.js.map
17 notice 303B dist/hooks/useUpdate.d.ts
17 notice 2.1kB dist/hooks/useUpdate.js
17 notice 2.3kB dist/hooks/useUpdate.js.map
17 notice 387B dist/lib/config.d.ts
17 notice 2.2kB dist/lib/config.js
17 notice 2.6kB dist/lib/config.js.map
17 notice 376B dist/lib/history.d.ts
17 notice 1.5kB dist/lib/history.js
17 notice 2.0kB dist/lib/history.js.map
17 notice 556B dist/lib/paths.d.ts
17 notice 1.8kB dist/lib/paths.js
17 notice 2.4kB dist/lib/paths.js.map
17 notice 251B dist/lib/progress.d.ts
17 notice 1.4kB dist/lib/progress.js
17 notice 1.7kB dist/lib/progress.js.map
17 notice 697B dist/lib/theme.d.ts
17 notice 558B dist/lib/theme.js
17 notice 521B dist/lib/theme.js.map
17 notice 542B dist/lib/updater.d.ts
17 notice 12.4kB dist/lib/updater.js
17 notice 14.7kB dist/lib/updater.js.map
17 notice 1.3kB dist/lib/ytdlp.d.ts
17 notice 11.8kB dist/lib/ytdlp.js
17 notice 13.9kB dist/lib/ytdlp.js.map
17 notice 8.2kB dist/locales/en.d.ts
17 notice 6.9kB dist/locales/en.js
17 notice 4.7kB dist/locales/en.js.map
17 notice 275B dist/screens/AboutScreen.d.ts
17 notice 2.4kB dist/screens/AboutScreen.js
17 notice 2.7kB dist/screens/AboutScreen.js.map
17 notice 674B dist/screens/ConfirmScreen.d.ts
17 notice 2.3kB dist/screens/ConfirmScreen.js
17 notice 2.3kB dist/screens/ConfirmScreen.js.map
17 notice 495B dist/screens/DownloadScreen.d.ts
17 notice 1.6kB dist/screens/DownloadScreen.js
17 notice 1.7kB dist/screens/DownloadScreen.js.map
17 notice 455B dist/screens/FormatScreen.d.ts
17 notice 1.6kB dist/screens/FormatScreen.js
17 notice 1.6kB dist/screens/FormatScreen.js.map
17 notice 582B dist/screens/HistoryScreen.d.ts
17 notice 4.3kB dist/screens/HistoryScreen.js
17 notice 4.4kB dist/screens/HistoryScreen.js.map
17 notice 380B dist/screens/HomeScreen.d.ts
17 notice 1.6kB dist/screens/HomeScreen.js
17 notice 1.7kB dist/screens/HomeScreen.js.map
17 notice 483B dist/screens/PlaylistScreen.d.ts
17 notice 5.6kB dist/screens/PlaylistScreen.js
17 notice 6.7kB dist/screens/PlaylistScreen.js.map
17 notice 618B dist/screens/ProgressScreen.d.ts
17 notice 2.4kB dist/screens/ProgressScreen.js
17 notice 2.6kB dist/screens/ProgressScreen.js.map
17 notice 510B dist/screens/QualityScreen.d.ts
17 notice 1.5kB dist/screens/QualityScreen.js
17 notice 1.5kB dist/screens/QualityScreen.js.map
17 notice 472B dist/screens/SettingsScreen.d.ts
17 notice 5.3kB dist/screens/SettingsScreen.js
17 notice 5.3kB dist/screens/SettingsScreen.js.map
17 notice 406B dist/screens/SubtitleScreen.d.ts
17 notice 1.4kB dist/screens/SubtitleScreen.js
17 notice 1.4kB dist/screens/SubtitleScreen.js.map
17 notice 345B dist/screens/UpdateScreen.d.ts
17 notice 1.8kB dist/screens/UpdateScreen.js
17 notice 1.9kB dist/screens/UpdateScreen.js.map
17 notice 3.0kB dist/types/index.d.ts
17 notice 44B dist/types/index.js
17 notice 111B dist/types/index.js.map
17 notice 1.2kB package.json
18 notice Tarball Details
19 notice name: pacvideodownloader
20 notice version: 1.0.0
21 notice filename: pacvideodownloader-1.0.0.tgz
22 notice package size: 47.7 kB
23 notice unpacked size: 247.2 kB
24 notice shasum: 5189494660691f9d9cd21e2f417709157b51b555
25 notice integrity: sha512-fjAOzFHK/LHsM[...]Cp0KJuwmZfJLw==
26 notice total files: 111
27 notice
28 verbose cwd C:\Users\demir\Documents\PacVideoİns
29 verbose os Windows_NT 10.0.26200
30 verbose node v24.14.0
31 verbose npm  v11.9.0
32 verbose exit 0
33 info ok
