0 verbose cli C:\Program Files\nodejs\node.exe C:\Program Files\nodejs\node_modules\npm\bin\npm-cli.js
1 info using npm@11.9.0
2 info using node@v24.14.0
3 silly config load:file:C:\Program Files\nodejs\node_modules\npm\npmrc
4 silly config load:file:C:\Users\demir\Documents\PacVideoİns\.npmrc
5 silly config load:file:C:\Users\demir\.npmrc
6 warn Unknown user config "email". This will stop working in the next major version of npm.
7 silly config load:file:C:\Users\demir\AppData\Roaming\npm\etc\npmrc
8 verbose title npm whoami
9 verbose argv "whoami" "--cache" ".npm-cache"
10 verbose logfile logs-max:10 dir:C:\Users\demir\Documents\PacVideoİns\.npm-cache\_logs\2026-05-23T18_25_56_178Z-
11 verbose logfile C:\Users\demir\Documents\PacVideoİns\.npm-cache\_logs\2026-05-23T18_25_56_178Z-debug-0.log
12 silly logfile done cleaning log files
13 http fetch GET 200 https://registry.npmjs.org/-/whoami 472ms (cache miss)
14 verbose cwd C:\Users\demir\Documents\PacVideoİns
15 verbose os Windows_NT 10.0.26200
16 verbose node v24.14.0
17 verbose npm  v11.9.0
18 verbose exit 0
19 info ok
