0 verbose cli C:\Program Files\nodejs\node.exe C:\Program Files\nodejs\node_modules\npm\bin\npm-cli.js
1 info using npm@11.9.0
2 info using node@v24.14.0
3 silly config load:file:C:\Program Files\nodejs\node_modules\npm\npmrc
4 silly config load:file:C:\Users\demir\Documents\PacVideoİns\.npmrc
5 silly config load:file:C:\Users\demir\.npmrc
6 warn Unknown user config "email". This will stop working in the next major version of npm.
7 silly config load:file:C:\Users\demir\AppData\Roaming\npm\etc\npmrc
8 verbose title npm publish
9 verbose argv "publish" "--access" "public" "--cache" ".npm-cache"
10 verbose logfile logs-max:10 dir:C:\Users\demir\Documents\PacVideoİns\.npm-cache\_logs\2026-05-23T18_26_09_124Z-
11 verbose logfile C:\Users\demir\Documents\PacVideoİns\.npm-cache\_logs\2026-05-23T18_26_09_124Z-debug-0.log
12 silly logfile done cleaning log files
13 verbose publish [ '.' ]
14 silly packumentCache heap:2348810240 maxSize:587202560 maxEntrySize:293601280
15 notice
16 notice package: pacvideodownloader@1.0.0
17 notice Tarball Contents
18 notice 1.1kB LICENSE
18 notice 4.4kB README.md
18 notice 157B dist/App.d.ts
18 notice 10.3kB dist/App.js
18 notice 10.4kB dist/App.js.map
18 notice 31B dist/cli.d.ts
18 notice 1.3kB dist/cli.js
18 notice 1.6kB dist/cli.js.map
18 notice 192B dist/components/Box.d.ts
18 notice 484B dist/components/Box.js
18 notice 550B dist/components/Box.js.map
18 notice 254B dist/components/Header.d.ts
18 notice 722B dist/components/Header.js
18 notice 820B dist/components/Header.js.map
18 notice 45B dist/components/Logo.d.ts
18 notice 410B dist/components/Logo.js
18 notice 486B dist/components/Logo.js.map
18 notice 324B dist/components/Menu.d.ts
18 notice 2.6kB dist/components/Menu.js
18 notice 3.3kB dist/components/Menu.js.map
18 notice 171B dist/components/ProgressBar.d.ts
18 notice 823B dist/components/ProgressBar.js
18 notice 997B dist/components/ProgressBar.js.map
18 notice 139B dist/components/StatusBar.d.ts
18 notice 342B dist/components/StatusBar.js
18 notice 425B dist/components/StatusBar.js.map
18 notice 220B dist/components/UpdateBadge.d.ts
18 notice 447B dist/components/UpdateBadge.js
18 notice 545B dist/components/UpdateBadge.js.map
18 notice 215B dist/components/VideoInfoCard.d.ts
18 notice 1.1kB dist/components/VideoInfoCard.js
18 notice 1.4kB dist/components/VideoInfoCard.js.map
18 notice 354B dist/hooks/useConfig.d.ts
18 notice 1.4kB dist/hooks/useConfig.js
18 notice 1.7kB dist/hooks/useConfig.js.map
18 notice 1.4kB dist/hooks/useDownload.d.ts
18 notice 8.6kB dist/hooks/useDownload.js
18 notice 8.3kB dist/hooks/useDownload.js.map
18 notice 372B dist/hooks/useHistory.d.ts
18 notice 1.5kB dist/hooks/useHistory.js
18 notice 1.7kB dist/hooks/useHistory.js.map
18 notice 291B dist/hooks/useNavigation.d.ts
18 notice 628B dist/hooks/useNavigation.js
18 notice 954B dist/hooks/useNavigation.js.map
18 notice 303B dist/hooks/useUpdate.d.ts
18 notice 2.1kB dist/hooks/useUpdate.js
18 notice 2.3kB dist/hooks/useUpdate.js.map
18 notice 387B dist/lib/config.d.ts
18 notice 2.2kB dist/lib/config.js
18 notice 2.6kB dist/lib/config.js.map
18 notice 376B dist/lib/history.d.ts
18 notice 1.5kB dist/lib/history.js
18 notice 2.0kB dist/lib/history.js.map
18 notice 556B dist/lib/paths.d.ts
18 notice 1.8kB dist/lib/paths.js
18 notice 2.4kB dist/lib/paths.js.map
18 notice 251B dist/lib/progress.d.ts
18 notice 1.4kB dist/lib/progress.js
18 notice 1.7kB dist/lib/progress.js.map
18 notice 697B dist/lib/theme.d.ts
18 notice 558B dist/lib/theme.js
18 notice 521B dist/lib/theme.js.map
18 notice 542B dist/lib/updater.d.ts
18 notice 12.4kB dist/lib/updater.js
18 notice 14.7kB dist/lib/updater.js.map
18 notice 1.3kB dist/lib/ytdlp.d.ts
18 notice 11.8kB dist/lib/ytdlp.js
18 notice 13.9kB dist/lib/ytdlp.js.map
18 notice 8.2kB dist/locales/en.d.ts
18 notice 6.9kB dist/locales/en.js
18 notice 4.7kB dist/locales/en.js.map
18 notice 275B dist/screens/AboutScreen.d.ts
18 notice 2.4kB dist/screens/AboutScreen.js
18 notice 2.7kB dist/screens/AboutScreen.js.map
18 notice 674B dist/screens/ConfirmScreen.d.ts
18 notice 2.3kB dist/screens/ConfirmScreen.js
18 notice 2.3kB dist/screens/ConfirmScreen.js.map
18 notice 495B dist/screens/DownloadScreen.d.ts
18 notice 1.6kB dist/screens/DownloadScreen.js
18 notice 1.7kB dist/screens/DownloadScreen.js.map
18 notice 455B dist/screens/FormatScreen.d.ts
18 notice 1.6kB dist/screens/FormatScreen.js
18 notice 1.6kB dist/screens/FormatScreen.js.map
18 notice 582B dist/screens/HistoryScreen.d.ts
18 notice 4.3kB dist/screens/HistoryScreen.js
18 notice 4.4kB dist/screens/HistoryScreen.js.map
18 notice 380B dist/screens/HomeScreen.d.ts
18 notice 1.6kB dist/screens/HomeScreen.js
18 notice 1.7kB dist/screens/HomeScreen.js.map
18 notice 483B dist/screens/PlaylistScreen.d.ts
18 notice 5.6kB dist/screens/PlaylistScreen.js
18 notice 6.7kB dist/screens/PlaylistScreen.js.map
18 notice 618B dist/screens/ProgressScreen.d.ts
18 notice 2.4kB dist/screens/ProgressScreen.js
18 notice 2.6kB dist/screens/ProgressScreen.js.map
18 notice 510B dist/screens/QualityScreen.d.ts
18 notice 1.5kB dist/screens/QualityScreen.js
18 notice 1.5kB dist/screens/QualityScreen.js.map
18 notice 472B dist/screens/SettingsScreen.d.ts
18 notice 5.3kB dist/screens/SettingsScreen.js
18 notice 5.3kB dist/screens/SettingsScreen.js.map
18 notice 406B dist/screens/SubtitleScreen.d.ts
18 notice 1.4kB dist/screens/SubtitleScreen.js
18 notice 1.4kB dist/screens/SubtitleScreen.js.map
18 notice 345B dist/screens/UpdateScreen.d.ts
18 notice 1.8kB dist/screens/UpdateScreen.js
18 notice 1.9kB dist/screens/UpdateScreen.js.map
18 notice 3.0kB dist/types/index.d.ts
18 notice 44B dist/types/index.js
18 notice 111B dist/types/index.js.map
18 notice 1.2kB package.json
19 notice Tarball Details
20 notice name: pacvideodownloader
21 notice version: 1.0.0
22 notice filename: pacvideodownloader-1.0.0.tgz
23 notice package size: 47.7 kB
24 notice unpacked size: 247.2 kB
25 notice shasum: 5189494660691f9d9cd21e2f417709157b51b555
26 notice integrity: sha512-fjAOzFHK/LHsM[...]Cp0KJuwmZfJLw==
27 notice total files: 111
28 notice
29 http fetch GET 404 https://registry.npmjs.org/pacvideodownloader 399ms (cache skip)
30 http fetch GET 404 https://registry.npmjs.org/pacvideodownloader 304ms (cache skip)
31 notice Publishing to https://registry.npmjs.org/ with tag latest and public access
32 http fetch PUT 401 https://registry.npmjs.org/pacvideodownloader 634ms
33 verbose web auth opening url pair
34 http fetch GET 202 https://registry.npmjs.org/-/v1/done?authId=*** 229ms
35 http fetch GET 202 https://registry.npmjs.org/-/v1/done?authId=*** 231ms
36 http fetch GET 202 https://registry.npmjs.org/-/v1/done?authId=*** 220ms
37 http fetch GET 202 https://registry.npmjs.org/-/v1/done?authId=*** 222ms
38 http fetch GET 202 https://registry.npmjs.org/-/v1/done?authId=*** 541ms
39 http fetch GET 202 https://registry.npmjs.org/-/v1/done?authId=*** 225ms
40 http fetch GET 202 https://registry.npmjs.org/-/v1/done?authId=*** 230ms
41 http fetch GET 202 https://registry.npmjs.org/-/v1/done?authId=*** 232ms
42 http fetch GET 202 https://registry.npmjs.org/-/v1/done?authId=*** 223ms
43 http fetch GET 202 https://registry.npmjs.org/-/v1/done?authId=*** 221ms
44 http fetch GET 202 https://registry.npmjs.org/-/v1/done?authId=*** 689ms
45 http fetch GET 202 https://registry.npmjs.org/-/v1/done?authId=*** 234ms
46 http fetch GET 202 https://registry.npmjs.org/-/v1/done?authId=*** 224ms
47 http fetch GET 202 https://registry.npmjs.org/-/v1/done?authId=*** 228ms
48 http fetch GET 200 https://registry.npmjs.org/-/v1/done?authId=*** 260ms
49 verbose web auth done-check finished
50 http fetch PUT 200 https://registry.npmjs.org/pacvideodownloader 2461ms
51 verbose cwd C:\Users\demir\Documents\PacVideoİns
52 verbose os Windows_NT 10.0.26200
53 verbose node v24.14.0
54 verbose npm  v11.9.0
55 verbose exit 0
56 info ok
