0 verbose cli C:\Program Files\nodejs\node.exe C:\Program Files\nodejs\node_modules\npm\bin\npm-cli.js
1 info using npm@11.9.0
2 info using node@v24.14.0
3 silly config load:file:C:\Program Files\nodejs\node_modules\npm\npmrc
4 silly config load:file:C:\Users\demir\Documents\PacVideoİns\.npmrc
5 silly config load:file:C:\Users\demir\.npmrc
6 warn Unknown user config "email". This will stop working in the next major version of npm.
7 silly config load:file:C:\Users\demir\AppData\Roaming\npm\etc\npmrc
8 verbose title npm whoami
9 verbose argv "whoami" "--cache" ".npm-cache"
10 verbose logfile logs-max:10 dir:C:\Users\demir\Documents\PacVideoİns\.npm-cache\_logs\2026-05-23T17_03_57_419Z-
11 verbose logfile C:\Users\demir\Documents\PacVideoİns\.npm-cache\_logs\2026-05-23T17_03_57_419Z-debug-0.log
12 silly logfile done cleaning log files
13 http fetch GET 401 https://registry.npmjs.org/-/whoami 466ms (cache skip)
14 verbose stack HttpErrorGeneral: 401 Unauthorized - GET https://registry.npmjs.org/-/whoami
14 verbose stack     at C:\Program Files\nodejs\node_modules\npm\node_modules\npm-registry-fetch\lib\check-response.js:103:15
14 verbose stack     at process.processTicksAndRejections (node:internal/process/task_queues:104:5)
14 verbose stack     at async module.exports (C:\Program Files\nodejs\node_modules\npm\lib\utils\get-identity.js:14:26)
14 verbose stack     at async Whoami.exec (C:\Program Files\nodejs\node_modules\npm\lib\commands\whoami.js:11:22)
14 verbose stack     at async Npm.exec (C:\Program Files\nodejs\node_modules\npm\lib\npm.js:208:9)
14 verbose stack     at async module.exports (C:\Program Files\nodejs\node_modules\npm\lib\cli\entry.js:67:5)
15 verbose statusCode 401
16 error code E401
17 error 401 Unauthorized - GET https://registry.npmjs.org/-/whoami
18 verbose cwd C:\Users\demir\Documents\PacVideoİns
19 verbose os Windows_NT 10.0.26200
20 verbose node v24.14.0
21 verbose npm  v11.9.0
22 verbose exit 1
23 verbose code 1
24 error A complete log of this run can be found in: C:\Users\demir\Documents\PacVideoİns\.npm-cache\_logs\2026-05-23T17_03_57_419Z-debug-0.log
